<?xml version="1.0" encoding="UTF-8"?>
<!-- Generated by org.testng.reporters.JUnitXMLReporter -->
<testsuite hostname="skoduru-pro" name="Search Product without Login" tests="2" failures="2" timestamp="16 Apr 2020 01:47:47 GMT" time="137.119" errors="0">
  <testcase name="searchProduct" time="62.403" classname="com.wipro.android.search.SearchProductTest">
    <failure type="java.lang.AssertionError" message="Expected product value does not match actual product value expected [true] but found [false]">
      <![CDATA[java.lang.AssertionError: Expected product value does not match actual product value expected [true] but found [false]
	at com.wipro.android.search.SearchProductTest.searchProduct(SearchProductTest.java:46)
... Removed 27 stack frames]]>
    </failure>
  </testcase> <!-- searchProduct -->
  <testcase name="searchProduct" time="62.465" classname="com.wipro.android.search.SearchProductTest">
    <failure type="java.lang.AssertionError" message="Expected product value does not match actual product value expected [true] but found [false]">
      <![CDATA[java.lang.AssertionError: Expected product value does not match actual product value expected [true] but found [false]
	at com.wipro.android.search.SearchProductTest.searchProduct(SearchProductTest.java:46)
... Removed 27 stack frames]]>
    </failure>
  </testcase> <!-- searchProduct -->
</testsuite> <!-- Search Product without Login -->
